40 70 113
72 81 116
36 78 116
32 41 110
21 86 116
20 59 113
65 67 28
46 72 113
60 78 116
3 90 116
4 32 112
66 98 119
7 87 116
22 89 116
55 93 116
52 91 116
13 58 113
21 87 116
59 78 116
9 60 113
11 14 18
17 41 112
73 99 119
32 75 116
50 90 116
55 66 113
6 43 112
75 78 36
23 27 112
45 94 116
35 73 116
14 86 116
12 50 112
8 20 21
1 10 20
11 58 113
43 89 116
24 61 113
54 84 116
91 95 106
14 97 119
52 94 116
26 83 116
1 40 112
13 54 113
11 15 18
25 28 112
11 56 113
14 44 112
52 69 113
62 77 116
19 26 24
40 65 113
15 80 116
51 63 113
23 67 113
59 66 108
17 48 112
59 97 119
1 77 116
61 88 116
8 57 113
32 93 116
36 87 116
27 85 116
29 66 113
3 27 112
4 33 112
23 68 113
43 97 119
45 57 113
0 24 21
26 77 116
13 75 116
9 83 116
19 28 112
44 81 116
59 71 108
9 90 116
34 75 116
7 40 112
36 61 113
31 52 110
8 20 21
21 35 112
21 22 16
5 74 116
59 90 116
14 17 18
13 92 116
42 74 116
69 83 116
30 77 116
44 98 119
6 90 116
62 84 116
4 72 113
31 82 116
49 53 25
8 80 116
23 34 112
26 36 112
14 77 116
11 69 113
13 55 113
8 57 113
36 45 110
4 57 113
46 52 105
30 56 113
29 38 107
1 88 116
8 86 116
20 37 112
71 85 116
32 52 110
68 88 116
22 54 113
37 88 116
33 48 110
34 70 113
40 64 113
3 14 20
0 41 112
80 90 111
26 58 113
40 61 113
77 88 111
27 47 112
22 57 113
78 95 111
32 88 116
49 63 113
3 38 112
9 25 24
17 62 113
6 25 24
34 52 110
81 83 111
13 73 116
8 67 113
2 23 21
25 83 116
55 93 116
69 77 116
34 36 22
25 47 112
0 60 113
26 51 112
44 48 105
19 41 112
62 69 108
83 86 111
38 45 110
67 86 116
66 72 103
19 59 113
12 84 116
6 69 113
19 28 112
11 78 116
21 40 112
4 64 113
51 84 116
28 60 113
66 73 116
45 74 116
80 81 23
54 57 113
29 83 116
44 85 116
77 94 111
29 63 113
23 77 116
43 56 113
59 75 116
28 48 110
5 36 112
36 73 116
34 92 116
10 91 116
42 62 113
19 43 112
2 35 112
10 19 21
45 85 116
12 87 116
19 80 116
9 61 113
40 77 116
35 52 110
52 62 113
13 62 113
52 54 113
5 65 113
49 61 113
8 34 112
8 20 21
18 52 112
33 42 110
44 62 113
10 78 116
14 21 21
16 88 116
23 70 113
45 53 105
23 29 112
39 45 110
79 97 119
40 49 110
47 88 116
37 80 116
3 18 21
70 86 116
64 90 116
17 22 21
44 95 116
53 99 119
14 23 21
38 54 113
67 68 28
45 73 116
56 97 119
3 85 116
81 84 111
32 81 116
42 76 116
38 62 113
92 95 106
46 80 116
6 99 119
79 82 111
10 44 112
36 96 116
39 76 116
57 87 116
30 31 107
14 71 113
10 17 18
78 88 111
31 75 116
32 41 110
23 29 112
3 20 21
10 82 116
4 62 113
44 54 113
80 81 23
19 78 116
73 90 116
57 78 116
37 55 113
0 96 116
7 83 116
16 44 112
42 44 30
48 89 116
56 85 116
14 89 116
30 88 116
71 97 119
85 98 119
3 21 21
15 72 113
15 61 113
1 72 113
29 75 116
46 58 113
94 96 106
50 81 116
63 80 116
11 64 113
18 78 116
61 62 108
1 13 20
17 48 112
6 7 17
64 66 28
13 44 112
47 92 116
42 56 113
88 92 93
16 45 112
16 21 21
62 86 116
18 80 116
56 93 116
16 47 112
19 36 112
60 86 116
65 97 119
7 90 116
12 95 116
3 24 21
95 97 119
2 91 116
15 37 112
85 88 31
38 46 110
10 22 21
2 11 20
52 93 116
39 94 116
77 88 111
44 86 116
17 57 113
5 64 113
29 51 110
6 18 21
7 61 113
2 36 112
24 64 113
28 85 116
95 99 119
2 83 116
29 83 116
12 30 112
60 66 108
5 20 21
38 70 113
72 80 116
9 10 20
25 50 112
14 80 116
31 77 116
59 93 116
16 65 113
41 72 113
60 73 116
10 27 112
20 93 116
18 42 112
6 12 20
13 98 119
34 79 116
66 68 28
3 54 113
67 78 116
32 99 119
28 45 110
70 82 116
64 75 116
21 40 112
81 96 111
8 18 21
92 95 106
81 90 111
26 30 112
6 72 113
18 95 116
47 86 116
10 28 112
22 88 116
51 81 116
30 72 113
30 42 110
44 76 116
1 99 119
31 46 110
47 96 116
3 33 112
6 18 21
38 42 110
0 64 113
46 86 116
31 36 107
6 17 20
41 94 116
56 62 108
12 91 116
34 92 116
30 60 113
43 54 113
21 48 112
18 71 113
27 95 116
39 89 116
76 81 36
35 44 110
27 72 113
81 95 111
55 98 119
94 94 106
17 61 113
53 92 116
40 91 116
15 71 113
22 27 112
35 46 110
20 85 116
11 90 116
8 28 112
58 59 33
38 61 113
24 93 116
50 69 113
54 86 116
62 78 116
21 45 112
0 40 112
6 58 113
37 84 116
39 69 113
9 38 112
39 94 116
37 94 116
1 13 20
17 62 113
55 56 113
38 60 113
24 96 116
21 49 112
15 19 21
61 90 116
40 97 119
10 73 116
2 96 116
30 97 119
17 79 116
12 22 21
19 64 113
40 97 119
3 61 113
4 76 116
93 95 106
79 83 111
30 85 116
12 62 113
7 99 119
14 67 113
66 74 116
50 83 116
62 66 108
10 73 116
75 80 36
74 79 36
19 23 21
7 70 113
44 82 116
15 32 112
17 36 112
15 47 112
71 89 116
21 64 113
13 34 112
66 80 116
15 23 21
7 45 112
45 60 113
59 76 116
47 61 113
26 41 112
83 92 111
8 68 113
5 95 116
23 29 112
73 88 116
5 35 112
54 90 116
43 54 113
30 71 113
10 24 21
2 69 113
31 98 119
47 99 119
35 89 116
53 82 116
17 76 116
4 66 113
38 56 113
25 26 24
40 40 9
26 82 116
43 48 105
39 70 113
72 75 116
24 77 116
9 68 113
85 93 93
28 59 113
49 93 116
59 60 33
80 93 111
51 60 113
42 76 116
39 81 116
12 55 113
43 93 116
49 54 113
30 33 107
54 95 116
58 77 116
39 44 110
64 78 116
42 61 113
27 46 112
19 63 113
39 67 113
6 8 17
46 60 113
44 54 113
52 56 113
7 19 21
36 80 116
16 73 116
34 53 110
26 50 112
51 95 116
15 51 112
27 92 116
61 94 116
25 63 113
27 73 116
31 55 113
17 23 21
23 76 116
28 53 110
31 76 116
30 40 107
3 77 116
56 83 116
9 47 112
10 75 116
23 55 113
17 37 112
33 74 116
61 65 108
14 35 112
12 75 116
21 34 112
43 63 113
71 83 116
33 76 116
38 95 116
36 83 116
34 60 113
38 90 116
6 86 116
15 70 113
4 44 112
78 90 111
3 26 24
8 80 116
41 46 110
47 78 116
0 24 21
10 11 15
27 77 116
15 51 112
51 66 113
33 47 110
77 87 111
33 79 116
23 56 113
21 38 112
28 87 116
5 50 112
8 30 112
3 10 20
52 76 116
4 82 116
42 94 116
48 79 116
27 42 112
3 66 113
35 35 14
81 97 119
24 70 113
91 97 119
45 50 105
1 97 119
45 53 105
41 43 110
8 75 116
8 84 116
65 85 116
24 27 112
56 91 116
75 85 111
12 92 116
23 26 24
17 83 116
12 36 112
36 67 113
15 49 112
38 62 113
1 5 8
64 89 116
39 83 116
10 16 18
6 62 113
2 89 116
46 93 116
21 51 112
4 19 21
68 93 116
44 71 113
44 75 116
45 89 116
38 56 113
9 74 116
11 63 113
13 30 112
43 69 113
37 96 116
6 38 112
13 51 112
25 96 116
32 95 116
7 79 116
6 43 112
7 52 112
38 97 119
0 78 116
55 58 113
9 16 20
29 84 116
8 90 116
75 76 23
19 39 112
36 90 116
63 70 108
12 27 112
0 18 21
26 36 112
5 87 116
17 27 112
17 40 112
25 87 116
30 85 116
15 89 116
30 82 116
63 76 116
36 70 113
15 73 116
32 53 110
17 87 116
2 28 112
7 85 116
26 82 116
21 35 112
3 81 116
1 10 20
24 34 112
41 85 116
82 87 111
52 88 116
1 19 21
3 81 116
0 31 112
71 99 119
46 82 116
26 55 113
49 63 113
35 82 116
73 83 116
47 51 105
8 45 112
35 97 119
57 71 108
83 98 119
21 25 24
13 95 116
42 77 116
44 61 113
7 41 112
46 75 116
32 38 27
51 95 116
14 20 21
14 60 113
11 71 113
58 74 116
77 97 119
2 53 112
36 61 113
30 72 113
15 72 113
20 85 116
64 87 116
65 67 28
29 54 113
45 53 105
7 97 119
35 49 110
43 68 113
53 71 113
32 83 116
24 77 116
1 11 20
10 46 112
29 34 107
57 92 116
93 97 119
44 53 105
57 60 33
12 13 10
1 58 113
0 22 21
8 83 116
50 54 113
52 91 116
51 55 113
25 96 116
13 47 112
23 76 116
16 36 112
5 83 116
20 40 112
4 68 113
49 90 116
25 60 113
24 48 112
8 48 112
19 89 116
32 33 27
46 81 116
2 28 112
64 68 28
30 55 113
78 98 119
75 93 111
13 22 21
41 61 113
72 73 116
47 79 116
23 62 113
70 93 116
48 50 25
30 40 107
49 87 116
87 92 93
54 59 113
35 77 116
46 50 105
32 75 116
79 81 36
5 20 21
69 87 116
0 87 116
44 97 119
24 70 113
40 95 116
3 76 116
42 61 113
20 61 113
0 52 112
14 92 116
75 98 119
31 45 110
41 78 116
88 95 106
6 39 112
30 54 113
55 80 116
3 57 113
17 27 112
47 77 116
28 98 119
15 86 116
20 81 116
29 31 107
27 83 116
47 81 116
46 70 113
33 99 119
43 89 116
42 59 113
6 22 21
34 68 113
13 56 113
18 63 113
31 67 113
17 54 113
79 82 111
31 82 116
53 89 116
10 27 112
65 81 116
27 51 112
15 76 116
18 64 113
89 99 119
19 50 112
29 44 110
5 13 20
29 45 110
77 81 36
9 84 116
23 49 112
45 52 105
37 42 110
63 75 116
83 95 111
25 79 116
83 93 111
10 14 18
0 44 112
31 78 116
11 59 113
60 78 116
44 47 105
29 31 107
27 68 113
54 91 116
50 82 116
74 99 119
43 99 119
40 98 119
59 97 119
34 83 116
1 61 113
68 98 119
32 68 113
9 49 112
16 18 21
28 43 110
10 91 116
35 55 113
98 98 26
31 41 110
54 85 116
4 62 113
35 89 116
34 34 14
47 73 116
5 72 113
83 93 111
24 62 113
50 81 116
60 99 119
4 40 112
54 61 113
16 64 113
45 96 116
76 89 111
3 23 21
13 15 18
59 88 116
20 48 112
6 8 17
7 25 24
2 76 116
3 70 113
8 70 113
54 63 113
69 77 116
55 77 116
1 45 112
9 15 20
23 64 113
44 98 119
45 91 116
76 89 111
7 29 112
50 71 113
25 48 112
63 82 116
16 91 116
52 68 113
7 26 24
37 70 113
38 71 113
69 72 103
84 84 10
4 89 116
33 94 116
63 80 116
72 78 116
71 78 116
52 74 116
33 56 113
61 77 116
45 94 116
58 67 108
39 87 116
30 54 113
21 46 112
28 80 116
22 86 116
3 35 112
0 58 113
25 74 116
10 85 116
43 98 119
56 75 116
52 64 113
89 98 119
4 99 119
12 94 116
4 19 21
64 83 116
0 6 9
53 56 113
23 96 116
47 91 116
38 46 110
6 58 113
78 94 111
41 82 116
15 52 112
12 29 112
5 94 116
31 38 107
44 55 113
56 82 116
0 26 24
22 50 112
28 49 110
31 93 116
49 74 116
11 26 24
13 16 18
0 88 116
19 25 24
3 73 116
70 95 116
6 28 112
17 25 24
22 69 113
76 83 111
8 15 20
7 65 113
43 47 105
79 83 111
42 71 113
43 92 116
45 81 116
33 68 113
51 57 113
14 96 116
33 64 113
8 45 112
43 66 113
2 12 20
24 30 112
4 34 112
27 58 113
1 52 112
17 75 116
11 12 15
3 17 20
85 87 31
3 91 116
46 83 116
2 44 112
61 65 108
1 96 116
48 70 113
38 85 116
45 76 116
55 85 116
38 66 113
1 43 112
17 34 112
1 68 113
23 63 113
6 94 116
7 26 24
44 59 113
50 94 116
37 83 116
46 60 113
8 73 116
37 48 110
44 57 113
2 40 112
33 97 119
79 83 111
60 88 116
52 69 113
59 64 108
41 86 116
13 48 112
44 83 116
37 48 110
29 41 110
36 47 110
58 97 119
73 77 116
67 99 119
29 87 116
9 90 116
44 47 105
42 82 116
21 68 113
24 61 113
5 30 112
53 92 116
82 97 119
34 47 110
4 63 113
16 44 112
45 75 116
54 98 119
49 65 113
42 90 116
49 95 116
37 63 113
14 65 113
